<?xml version="1.0" encoding="utf-8"?><testsuites name="pytest tests"><testsuite name="pytest" errors="0" failures="0" skipped="0" tests="31" time="12.525" timestamp="2026-09-20T09:12:40.559752+00:00" hostname="agent-env-609827f0-ec4d-4870-8d04-e26e94edc675"><testcase classname="tests.test_auth_and_rbac.TestRoleGating" name="test_user_forbidden_admin_stats" time="1.021" /><testcase classname="tests.test_auth_and_rbac.TestRentalCreate" name="test_create_rental_computes_days_and_total" time="1.156" /><testcase classname="tests.test_auth_and_rbac.TestRoleGating" name="test_user_forbidden_admin_create_tool" time="0.142" /><testcase classname="tests.test_auth_and_rbac.TestRentalCreate" name="test_create_rental_same_day" time="0.225" /><testcase classname="tests.test_auth_and_rbac.TestRoleGating" name="test_user_forbidden_admin_patch_tool" time="0.174" /><testcase classname="tests.test_auth_and_rbac.TestRoleGating" name="test_user_forbidden_admin_delete_tool" time="0.119" /><testcase classname="tests.test_auth_and_rbac.TestRentalCreate" name="test_create_rental_end_before_start_400" time="0.249" /><testcase classname="tests.test_auth_and_rbac.TestRoleGating" name="test_user_forbidden_admin_list_users" time="0.108" /><testcase classname="tests.test_auth_and_rbac.TestRoleGating" name="test_user_forbidden_admin_list_rentals" time="0.113" /><testcase classname="tests.test_auth_and_rbac.TestRoleGating" name="test_user_forbidden_admin_list_payments" time="0.115" /><testcase classname="tests.test_auth_and_rbac.TestRentalCreate" name="test_create_rental_unavailable_tool_400" time="1.035" /><testcase classname="tests.test_auth_and_rbac.TestRoleGating" name="test_user_forbidden_admin_block_user" time="0.820" /><testcase classname="tests.test_auth_and_rbac.TestRoleGating" name="test_user_forbidden_admin_approve" time="0.152" /><testcase classname="tests.test_auth_and_rbac.TestRentalCreate" name="test_create_rental_no_auth_401" time="0.152" /><testcase classname="tests.test_auth_and_rbac.TestPublicRoutes" name="test_get_tools_no_auth" time="0.176" /><testcase classname="tests.test_auth_and_rbac.TestPublicRoutes" name="test_get_tool_by_id_no_auth" time="0.221" /><testcase classname="tests.test_auth_and_rbac.TestPublicRoutes" name="test_payments_methods_no_auth" time="2.894" /><testcase classname="tests.test_auth_and_rbac.TestRoleGating" name="test_admin_can_access_stats" time="0.631" /><testcase classname="tests.test_auth_and_rbac.TestAuthMe" name="test_me_no_token_401" time="0.133" /><testcase classname="tests.test_auth_and_rbac.TestAuthMe" name="test_me_bogus_token_401" time="0.134" /><testcase classname="tests.test_auth_and_rbac.TestAuthMe" name="test_me_valid_token_200" time="0.112" /><testcase classname="tests.test_auth_and_rbac.TestAuthMe" name="test_logout_invalidates_session" time="1.130" /><testcase classname="tests.test_auth_and_rbac.TestAdminToolCRUD" name="test_full_crud" time="0.600" /><testcase classname="tests.test_auth_and_rbac.TestAdminToolCRUD" name="test_delete_tool_with_active_rentals_400" time="0.592" /><testcase classname="tests.test_auth_and_rbac.TestPublicRoutes" name="test_webhook_no_auth_but_needs_signature" time="0.115" /><testcase classname="tests.test_auth_and_rbac.TestBlockedUser" name="test_blocked_user_gets_403" time="0.951" /><testcase classname="tests.test_auth_and_rbac.TestUserIsolation" name="test_user_a_only_sees_own_rentals" time="1.142" /><testcase classname="tests.test_auth_and_rbac.TestAdminApprove" name="test_approve_flips_requested_to_approved" time="0.372" /><testcase classname="tests.test_auth_and_rbac.TestUserIsolation" name="test_user_cannot_cancel_others_rental" time="0.400" /><testcase classname="tests.test_auth_and_rbac.TestAdminBlockUser" name="test_block_user_then_denied" time="4.478" /><testcase classname="tests.test_auth_and_rbac.TestUserIsolation" name="test_user_cannot_pay_others_rental" time="2.725" /></testsuite></testsuites>