<?xml version="1.0" encoding="utf-8"?><testsuites name="pytest tests"><testsuite name="pytest" errors="0" failures="0" skipped="0" tests="3" time="1.521" timestamp="2026-09-20T07:42:17.033635+00:00" hostname="agent-env-609827f0-ec4d-4870-8d04-e26e94edc675"><testcase classname="tests.test_agri_rentals" name="test_tools_seed_and_filters" time="0.290" /><testcase classname="tests.test_agri_rentals" name="test_rental_create_and_history" time="0.398" /><testcase classname="tests.test_agri_rentals" name="test_rental_rejects_unavailable_tool" time="0.251" /></testsuite></testsuites>