<?xml version="1.0" encoding="utf-8"?><testsuites name="pytest tests"><testsuite name="pytest" errors="0" failures="0" skipped="0" tests="3" time="1.613" timestamp="2026-09-20T08:01:54.446184+00:00" hostname="agent-env-609827f0-ec4d-4870-8d04-e26e94edc675"><testcase classname="tests.test_agri_rentals" name="test_tools_seed_and_filters" time="0.339" /><testcase classname="tests.test_agri_rentals" name="test_rental_create_and_history" time="0.378" /><testcase classname="tests.test_agri_rentals" name="test_rental_rejects_unavailable_tool" time="0.262" /></testsuite></testsuites>